Run - Thu Aug 26 16:39:30 2021
In state Prestart
In state Prestart
In state Startup
In state Running
In state Pre-shutdown
In state Shutdown
In state Prestart
In state Startup
In state Heatup
In state Running
In state Error
In state Shutdown
In state Prestart
In state Startup
In state Heatup
In state Running
In state Pre-shutdown
In state Shutdown
In state Prestart
In state Startup
In state Heatup
In state Running
In state Error
In state Pre-shutdown
In state Shutdown
In state Prestart
In state Startup
In state Heatup
In state Running
In state Error
In state Pre-shutdown
In state Shutdown
In state Prestart
In state Startup
In state Heatup
In state Running
In state Error
In state Pre-shutdown